<?xml version="1.0" encoding="UTF-8"?>
<!-- Generated by org.testng.reporters.JUnitXMLReporter -->
<testsuite ignored="0" hostname="SNSBACKUPASANI01" failures="0" tests="7" name="Default test" time="11.035" errors="0" timestamp="2021-09-12T14:59:59 WIB">
  <testcase classname="qaautomation.august2021.APITest" name="configAPI" time="1.43"/>
  <testcase classname="qaautomation.august2021.APITest" name="configAPI2" time="1.567"/>
  <testcase classname="qaautomation.august2021.APITest" name="dashboardAPIWithSchema" time="3.068"/>
  <testcase classname="qaautomation.august2021.APITest" name="fakerEmail" time="0.27"/>
  <testcase classname="qaautomation.august2021.APITest" name="incorrectLoginAPI" time="1.481"/>
  <testcase classname="qaautomation.august2021.APITest" name="userAPI" time="1.552"/>
  <testcase classname="qaautomation.august2021.APITest" name="dashboardAPI" time="1.567"/>
</testsuite> <!-- Default test -->
