<?xml version="1.0" encoding="UTF-8"?>
<!-- Generated by org.testng.reporters.JUnitXMLReporter -->
<testsuite ignored="0" hostname="SNSBACKUPASANI01" failures="0" tests="7" name="Test" time="0.03" errors="0" timestamp="18 Sept 2021 07:01:17 GMT">
  <testcase classname="qaautomation.august2021.BaseAPITest" name="@BeforeSuite testLoginAPI" time="2.774">
    <failure type="java.lang.AssertionError" message="expected [200] but found [422]">
      <![CDATA[java.lang.AssertionError: expected [200] but found [422]
at qaautomation.august2021.BaseAPITest.testLoginAPI(BaseAPITest.java:25)
... Removed 29 stack frames]]>
    </failure>
  </testcase> <!-- @BeforeSuite testLoginAPI -->
  <testcase classname="qaautomation.august2021.APITest" name="configAPI" time="0.0">
    <skipped/>
  </testcase> <!-- configAPI -->
  <testcase classname="qaautomation.august2021.APITest" name="configAPI2" time="0.0">
    <skipped/>
  </testcase> <!-- configAPI2 -->
  <testcase classname="qaautomation.august2021.APITest" name="dashboardAPIWithSchema" time="0.0">
    <skipped/>
  </testcase> <!-- dashboardAPIWithSchema -->
  <testcase classname="qaautomation.august2021.APITest" name="fakerEmail" time="0.0">
    <skipped/>
  </testcase> <!-- fakerEmail -->
  <testcase classname="qaautomation.august2021.APITest" name="incorrectLoginAPI" time="0.0">
    <skipped/>
  </testcase> <!-- incorrectLoginAPI -->
  <testcase classname="qaautomation.august2021.APITest" name="userAPI" time="0.0">
    <skipped/>
  </testcase> <!-- userAPI -->
  <testcase classname="qaautomation.august2021.APITest" name="dashboardAPI" time="0.0">
    <skipped/>
  </testcase> <!-- dashboardAPI -->
</testsuite> <!-- Test -->
