<?xml version="1.0" encoding="UTF-8"?>
<testsuite xmlns:xsi="http://www.w3.org/2001/XMLSchema-instance" xsi:schemaLocation="https://maven.apache.org/surefire/maven-surefire-plugin/xsd/surefire-test-report.xsd" name="TestSuite" time="5.73" tests="8" errors="0" skipped="7" failures="1">
  <properties>
[...]
</properties>
  <testcase name="testLoginAPI" classname="qaautomation.august2021.APITest" time="5.441">
    <failure message="expected [200] but found [422]" type="java.lang.AssertionError">java.lang.AssertionError: expected [200] but found [422]
</failure>
    <system-out><![CDATA[[TestNGContentHandler] [WARN] It is strongly recommended to add "<!DOCTYPE suite SYSTEM "http://testng.org/testng-1.0.dtd" >" at the top of your file, otherwise TestNG may fail or not work as expected.
Request method:	POST
Request URI:	https://api-staging-builder.engineer.ai/users/sign_in
Proxy:			<none>
Request params:	<none>
Query params:	<none>
Form params:	<none>
Path params:	<none>
Headers:		Accept=*/*
				Content-Type=application/json
Cookies:		<none>
Multiparts:		<none>
Body:
]]></system-out>
    <system-err><![CDATA[com.codoid.products.exception.FilloException: Workbook is not found - C:\august2021\resources\TestDataProd.xlsx
	at com.codoid.products.fillo.Fillo.getConnection(Fillo.java:46)
	at qaautomation.august2021utils.DataUtility.getDataFromExcel(DataUtility.java:29)
	at qaautomation.august2021.BaseAPITest.testLoginAPI(BaseAPITest.java:23)
	at java.base/jdk.internal.reflect.NativeMethodAccessorImpl.invoke0(Native Method)
	at java.base/jdk.internal.reflect.NativeMethodAccessorImpl.invoke(NativeMethodAccessorImpl.java:78)
	at java.base/jdk.internal.reflect.DelegatingMethodAccessorImpl.invoke(DelegatingMethodAccessorImpl.java:43)
	at java.base/java.lang.reflect.Method.invoke(Method.java:567)
	at org.testng.internal.MethodInvocationHelper.invokeMethod(MethodInvocationHelper.java:124)
	at org.testng.internal.MethodInvocationHelper.invokeMethodConsideringTimeout(MethodInvocationHelper.java:59)
	at org.testng.internal.Invoker.invokeConfigurationMethod(Invoker.java:458)
	at org.testng.internal.Invoker.invokeConfigurations(Invoker.java:222)
	at org.testng.internal.Invoker.invokeConfigurations(Invoker.java:142)
	at org.testng.SuiteRunner.privateRun(SuiteRunner.java:401)
	at org.testng.SuiteRunner.run(SuiteRunner.java:364)
	at org.testng.SuiteRunnerWorker.runSuite(SuiteRunnerWorker.java:52)
	at org.testng.SuiteRunnerWorker.run(SuiteRunnerWorker.java:84)
	at org.testng.TestNG.runSuitesSequentially(TestNG.java:1208)
	at org.testng.TestNG.runSuitesLocally(TestNG.java:1137)
	at org.testng.TestNG.runSuites(TestNG.java:1049)
	at org.testng.TestNG.run(TestNG.java:1017)
	at org.apache.maven.surefire.testng.TestNGExecutor.run(TestNGExecutor.java:281)
	at org.apache.maven.surefire.testng.TestNGXmlTestSuite.execute(TestNGXmlTestSuite.java:75)
	at org.apache.maven.surefire.testng.TestNGProvider.invoke(TestNGProvider.java:121)
	at org.apache.maven.surefire.booter.ForkedBooter.invokeProviderInSameClassLoader(ForkedBooter.java:290)
	at org.apache.maven.surefire.booter.ForkedBooter.runSuitesInProcess(ForkedBooter.java:242)
	at org.apache.maven.surefire.booter.ForkedBooter.main(ForkedBooter.java:121)
]]></system-err>
  </testcase>
  <testcase name="configAPI" classname="qaautomation.august2021.APITest" time="0">
    <skipped message="expected [200] but found [422]"/>
  </testcase>
  <testcase name="configAPI2" classname="qaautomation.august2021.APITest" time="0">
    <skipped message="expected [200] but found [422]"/>
  </testcase>
  <testcase name="dashboardAPIWithSchema" classname="qaautomation.august2021.APITest" time="0">
    <skipped message="expected [200] but found [422]"/>
  </testcase>
  <testcase name="fakerEmail" classname="qaautomation.august2021.APITest" time="0">
    <skipped message="expected [200] but found [422]"/>
  </testcase>
  <testcase name="incorrectLoginAPI" classname="qaautomation.august2021.APITest" time="0">
    <skipped message="expected [200] but found [422]"/>
  </testcase>
  <testcase name="userAPI" classname="qaautomation.august2021.APITest" time="0">
    <skipped message="expected [200] but found [422]"/>
  </testcase>
  <testcase name="dashboardAPI" classname="qaautomation.august2021.APITest" time="0">
    <skipped message="expected [200] but found [422]"/>
  </testcase>
</testsuite>