<?xml version="1.0" encoding="UTF-8"?>
<testng-results ignored="0" total="1" passed="1" failed="0" skipped="0">
  <reporter-output>
  </reporter-output>
  <suite started-at="2021-09-19T09:55:56 WIB" name="Suite" finished-at="2021-09-19T09:55:56 WIB" duration-ms="92">
    <groups>
    </groups>
    <test started-at="2021-09-19T09:55:56 WIB" name="Test" finished-at="2021-09-19T09:55:56 WIB" duration-ms="92">
      <class name="qaautomation.august2021.AppTest">
        <test-method is-config="true" signature="setUp()[pri:0, instance:qaautomation.august2021.AppTest@201a4587]" started-at="2021-09-19T09:55:56 WIB" name="setUp" finished-at="2021-09-19T09:55:56 WIB" duration-ms="9" status="PASS">
          <reporter-output>
          </reporter-output>
        </test-method> <!-- setUp -->
        <test-method signature="test()[pri:0, instance:qaautomation.august2021.AppTest@201a4587]" started-at="2021-09-19T09:55:56 WIB" name="test" finished-at="2021-09-19T09:55:56 WIB" duration-ms="14" status="PASS">
          <reporter-output>
          </reporter-output>
        </test-method> <!-- test -->
        <test-method is-config="true" signature="close()[pri:0, instance:qaautomation.august2021.AppTest@201a4587]" started-at="2021-09-19T09:55:56 WIB" name="close" finished-at="2021-09-19T09:55:56 WIB" duration-ms="2" status="PASS">
          <reporter-output>
          </reporter-output>
        </test-method> <!-- close -->
      </class> <!-- qaautomation.august2021.AppTest -->
    </test> <!-- Test -->
  </suite> <!-- Suite -->
</testng-results>
